<?xml version="1.0" encoding="UTF-8"?>
<!-- Generated by org.testng.reporters.JUnitReportReporter -->
<testsuite hostname="DESKTOP-9IKC5SP" failures="0" tests="6" name="com.hrms.qa.testcases.HomePageTest" time="75.020" errors="0" timestamp="29 Oct 2023 11:38:16 GMT" skipped="0">
  <testcase classname="com.hrms.qa.testcases.HomePageTest" name="verifyPageTitle" time="10.386"/>
  <testcase classname="com.hrms.qa.testcases.HomePageTest" name="verifyUsername" time="10.015"/>
  <testcase classname="com.hrms.qa.testcases.HomePageTest" name="verifyAdminLink" time="11.153"/>
  <testcase classname="com.hrms.qa.testcases.HomePageTest" name="verifyPimLink" time="11.133"/>
  <testcase classname="com.hrms.qa.testcases.HomePageTest" name="verifyLeaveLink" time="11.814"/>
  <testcase classname="com.hrms.qa.testcases.HomePageTest" name="verifClickCheckBox" time="20.519"/>
</testsuite> <!-- com.hrms.qa.testcases.HomePageTest -->
