<?xml version="1.0" encoding="UTF-8"?>
<!-- Generated by org.testng.reporters.JUnitReportReporter -->
<testsuite hostname="DESKTOP-9IKC5SP" failures="0" tests="3" name="com.hrms.qa.testcases.LoginPageTest" time="33.534" errors="0" timestamp="25 Mar 2024 12:16:01 GMT" skipped="0">
  <testcase classname="com.hrms.qa.testcases.LoginPageTest" name="validateLoginPageTitle" time="5.349"/>
  <testcase classname="com.hrms.qa.testcases.LoginPageTest" name="validateIntroTxt" time="10.846"/>
  <testcase classname="com.hrms.qa.testcases.LoginPageTest" name="loginTest" time="17.339"/>
</testsuite> <!-- com.hrms.qa.testcases.LoginPageTest -->
