<?xml version="1.0" encoding="UTF-8"?>
<!-- Generated by org.testng.reporters.JUnitReportReporter -->
<testsuite hostname="DESKTOP-9IKC5SP" failures="0" tests="6" name="com.hrms.qa.testcases.HomePageTest" time="97.421" errors="0" timestamp="25 Mar 2024 12:16:01 GMT" skipped="0">
  <testcase classname="com.hrms.qa.testcases.HomePageTest" name="verifyPageTitle" time="13.707"/>
  <testcase classname="com.hrms.qa.testcases.HomePageTest" name="verifyUsername" time="13.725"/>
  <testcase classname="com.hrms.qa.testcases.HomePageTest" name="verifyAdminLink" time="14.968"/>
  <testcase classname="com.hrms.qa.testcases.HomePageTest" name="verifyPimLink" time="12.553"/>
  <testcase classname="com.hrms.qa.testcases.HomePageTest" name="verifyLeaveLink" time="16.166"/>
  <testcase classname="com.hrms.qa.testcases.HomePageTest" name="verifClickCheckBox" time="26.302"/>
</testsuite> <!-- com.hrms.qa.testcases.HomePageTest -->
