<?xml version="1.0" encoding="UTF-8"?>
<!-- Generated by org.testng.reporters.JUnitReportReporter -->
<testsuite hostname="DESKTOP-9IKC5SP" failures="0" tests="5" name="com.hrms.qa.testcases.PIMPageTest" time="126.125" errors="0" timestamp="25 Mar 2024 12:16:01 GMT" skipped="0">
  <testcase classname="com.hrms.qa.testcases.PIMPageTest" name="verifyNameTextBoxes" time="21.492"/>
  <testcase classname="com.hrms.qa.testcases.PIMPageTest" name="verifySaveButton" time="20.286"/>
  <testcase classname="com.hrms.qa.testcases.PIMPageTest" name="verifyAddEmployee" time="25.711"/>
  <testcase classname="com.hrms.qa.testcases.PIMPageTest" name="verifyAddEmployee" time="27.226"/>
  <testcase classname="com.hrms.qa.testcases.PIMPageTest" name="verifyAddEmployee" time="31.410"/>
</testsuite> <!-- com.hrms.qa.testcases.PIMPageTest -->
