<?xml version="1.0" encoding="UTF-8"?>
<!-- Generated by org.testng.reporters.JUnitReportReporter -->
<testsuite hostname="DESKTOP-9IKC5SP" failures="0" tests="3" name="com.hrms.qa.testcases.LoginPageTest" time="18.558" errors="0" timestamp="29 Oct 2023 11:38:16 GMT" skipped="0">
  <testcase classname="com.hrms.qa.testcases.LoginPageTest" name="validateLoginPageTitle" time="5.726"/>
  <testcase classname="com.hrms.qa.testcases.LoginPageTest" name="validateIntroTxt" time="4.307"/>
  <testcase classname="com.hrms.qa.testcases.LoginPageTest" name="loginTest" time="8.525"/>
</testsuite> <!-- com.hrms.qa.testcases.LoginPageTest -->
