<?xml version="1.0" encoding="UTF-8"?>
<!-- Generated by org.testng.reporters.JUnitReportReporter -->
<testsuite hostname="DESKTOP-9IKC5SP" failures="0" tests="6" name="com.hrms.qa.testcases.HomePageTest" time="78.277" errors="0" timestamp="29 Oct 2023 11:05:31 GMT" skipped="0">
  <testcase classname="com.hrms.qa.testcases.HomePageTest" name="verifyPageTitle" time="10.221"/>
  <testcase classname="com.hrms.qa.testcases.HomePageTest" name="verifyUsername" time="10.556"/>
  <testcase classname="com.hrms.qa.testcases.HomePageTest" name="verifyAdminLink" time="11.075"/>
  <testcase classname="com.hrms.qa.testcases.HomePageTest" name="verifyPimLink" time="13.628"/>
  <testcase classname="com.hrms.qa.testcases.HomePageTest" name="verifyLeaveLink" time="11.845"/>
  <testcase classname="com.hrms.qa.testcases.HomePageTest" name="verifClickCheckBox" time="20.952"/>
</testsuite> <!-- com.hrms.qa.testcases.HomePageTest -->
