<?xml version="1.0" encoding="UTF-8"?>
<!-- Generated by org.testng.reporters.JUnitReportReporter -->
<testsuite hostname="DESKTOP-9IKC5SP" failures="0" tests="5" name="com.hrms.qa.testcases.PIMPageTest" time="90.513" errors="0" timestamp="29 Oct 2023 11:05:31 GMT" skipped="0">
  <testcase classname="com.hrms.qa.testcases.PIMPageTest" name="verifyNameTextBoxes" time="16.829"/>
  <testcase classname="com.hrms.qa.testcases.PIMPageTest" name="verifySaveButton" time="16.303"/>
  <testcase classname="com.hrms.qa.testcases.PIMPageTest" name="verifyAddEmployee" time="18.389"/>
  <testcase classname="com.hrms.qa.testcases.PIMPageTest" name="verifyAddEmployee" time="20.154"/>
  <testcase classname="com.hrms.qa.testcases.PIMPageTest" name="verifyAddEmployee" time="18.838"/>
</testsuite> <!-- com.hrms.qa.testcases.PIMPageTest -->
