<?xml version="1.0" encoding="UTF-8"?>
<!-- Generated by org.testng.reporters.JUnitReportReporter -->
<testsuite hostname="DESKTOP-9IKC5SP" failures="0" tests="3" name="com.hrms.qa.testcases.LoginPageTest" time="15.771" errors="0" timestamp="29 Oct 2023 11:05:31 GMT" skipped="0">
  <testcase classname="com.hrms.qa.testcases.LoginPageTest" name="validateLoginPageTitle" time="4.083"/>
  <testcase classname="com.hrms.qa.testcases.LoginPageTest" name="validateIntroTxt" time="3.980"/>
  <testcase classname="com.hrms.qa.testcases.LoginPageTest" name="loginTest" time="7.708"/>
</testsuite> <!-- com.hrms.qa.testcases.LoginPageTest -->
